{"/Users/vipul/Documents/Anumita Learning/React Restart/new-swiggy-app/src/components/sum.js": {"path":"/Users/vipul/Documents/Anumita Learning/React Restart/new-swiggy-app/src/components/sum.js","statementMap":{"0":{"start":{"line":1,"column":19},"end":{"line":3,"column":1}},"1":{"start":{"line":2,"column":2},"end":{"line":2,"column":15}}},"fnMap":{"0":{"name":"(anonymous_0)","decl":{"start":{"line":1,"column":19},"end":{"line":1,"column":20}},"loc":{"start":{"line":1,"column":29},"end":{"line":3,"column":1}},"line":1}},"branchMap":{},"s":{"0":1,"1":1},"f":{"0":1},"b":{},"_coverageSchema":"1a1c01bbd47fc00a2c39e90264f33305004495a9","hash":"a92b870f43d3b884fdebdf5a4f2fe6e28e43dd9b"}
}
